<?xml version="1.0" encoding="UTF-8"?>
<testsuite xmlns:xsi="http://www.w3.org/2001/XMLSchema-instance" xsi:noNamespaceSchemaLocation="https://maven.apache.org/surefire/maven-surefire-plugin/xsd/surefire-test-report-3.0.xsd" version="3.0" name="med.voll.api.controller.ConsultaControllerTest" time="8.833" tests="2" errors="0" skipped="0" failures="0">
  <properties>
[...]
</properties>
  <testcase name="agendar_cenario1" classname="med.voll.api.controller.ConsultaControllerTest" time="0.136">
    <system-out><![CDATA[21:17:15.769 [main] INFO org.springframework.test.context.support.AnnotationConfigContextLoaderUtils -- Could not detect default configuration classes for test class [med.voll.api.controller.ConsultaControllerTest]: ConsultaControllerTest does not declare any static, non-private, non-final, nested classes annotated with @Configuration.
21:17:15.969 [main] INFO org.springframework.boot.test.context.SpringBootTestContextBootstrapper -- Found @SpringBootConfiguration med.voll.api.ApiApplication for test class med.voll.api.controller.ConsultaControllerTest
21:17:16.158 [main] INFO org.springframework.boot.devtools.restart.RestartApplicationListener -- Restart disabled due to context in which it is running
  .   ____          _            __ _ _
 /\\ / ___'_ __ _ _(_)_ __  __ _ \ \ \ \
( ( )\___ | '_ | '_| | '_ \/ _` | \ \ \ \
 \\/  ___)| |_)| | | | | || (_| |  ) ) ) )
  '  |____| .__|_| |_|_| |_\__, | / / / /
 =========|_|==============|___/=/_/_/_/

 :: Spring Boot ::       (v3.3.0-SNAPSHOT)

2024-04-20T21:17:16.484-03:00  INFO 10436 --- [api] [           main] m.v.a.controller.ConsultaControllerTest  : Starting ConsultaControllerTest using Java 21.0.1 with PID 10436 (started by gabri in D:\ws-intelliJ\api)
2024-04-20T21:17:16.485-03:00  INFO 10436 --- [api] [           main] m.v.a.controller.ConsultaControllerTest  : No active profile set, falling back to 1 default profile: "default"
2024-04-20T21:17:17.714-03:00  INFO 10436 --- [api] [           main] .s.d.r.c.RepositoryConfigurationDelegate : Bootstrapping Spring Data JPA repositories in DEFAULT mode.
2024-04-20T21:17:17.801-03:00  INFO 10436 --- [api] [           main] .s.d.r.c.RepositoryConfigurationDelegate : Finished Spring Data repository scanning in 78 ms. Found 4 JPA repository interfaces.
2024-04-20T21:17:19.727-03:00  INFO 10436 --- [api] [           main] com.zaxxer.hikari.HikariDataSource       : HikariPool-1 - Starting...
2024-04-20T21:17:20.197-03:00  INFO 10436 --- [api] [           main] com.zaxxer.hikari.pool.HikariPool        : HikariPool-1 - Added connection com.mysql.cj.jdbc.ConnectionImpl@3063be68
2024-04-20T21:17:20.200-03:00  INFO 10436 --- [api] [           main] com.zaxxer.hikari.HikariDataSource       : HikariPool-1 - Start completed.
2024-04-20T21:17:20.311-03:00  INFO 10436 --- [api] [           main] org.flywaydb.core.FlywayExecutor         : Database: jdbc:mysql://localhost/vollmed_api (MySQL 8.0)
2024-04-20T21:17:20.380-03:00  INFO 10436 --- [api] [           main] o.f.core.internal.command.DbValidate     : Successfully validated 8 migrations (execution time 00:00.042s)
2024-04-20T21:17:20.399-03:00  INFO 10436 --- [api] [           main] o.f.core.internal.command.DbMigrate      : Current version of schema `vollmed_api`: 8
2024-04-20T21:17:20.403-03:00  INFO 10436 --- [api] [           main] o.f.core.internal.command.DbMigrate      : Schema `vollmed_api` is up to date. No migration necessary.
2024-04-20T21:17:20.558-03:00  INFO 10436 --- [api] [           main] o.hibernate.jpa.internal.util.LogHelper  : HHH000204: Processing PersistenceUnitInfo [name: default]
2024-04-20T21:17:20.647-03:00  INFO 10436 --- [api] [           main] org.hibernate.Version                    : HHH000412: Hibernate ORM core version 6.5.0.CR2
2024-04-20T21:17:20.693-03:00  INFO 10436 --- [api] [           main] o.h.c.internal.RegionFactoryInitiator    : HHH000026: Second-level cache disabled
2024-04-20T21:17:20.869-03:00  INFO 10436 --- [api] [           main] o.s.o.j.p.SpringPersistenceUnitInfo      : No LoadTimeWeaver setup: ignoring JPA class transformer
2024-04-20T21:17:21.922-03:00  INFO 10436 --- [api] [           main] o.h.e.t.j.p.i.JtaPlatformInitiator       : HHH000489: No JTA platform available (set 'hibernate.transaction.jta.platform' to enable JTA platform integration)
2024-04-20T21:17:21.925-03:00  INFO 10436 --- [api] [           main] j.LocalContainerEntityManagerFactoryBean : Initialized JPA EntityManagerFactory for persistence unit 'default'
2024-04-20T21:17:22.362-03:00  INFO 10436 --- [api] [           main] o.s.d.j.r.query.QueryEnhancerFactory     : Hibernate is in classpath; If applicable, HQL parser will be used.
2024-04-20T21:17:23.092-03:00  WARN 10436 --- [api] [           main] JpaBaseConfiguration$JpaWebConfiguration : spring.jpa.open-in-view is enabled by default. Therefore, database queries may be performed during view rendering. Explicitly configure spring.jpa.open-in-view to disable this warning
2024-04-20T21:17:23.467-03:00  INFO 10436 --- [api] [           main] o.s.s.web.DefaultSecurityFilterChain     : Will secure any request with [org.springframework.security.web.session.DisableEncodeUrlFilter@38d583cd, org.springframework.security.web.context.request.async.WebAsyncManagerIntegrationFilter@2ac42ce6, org.springframework.security.web.context.SecurityContextHolderFilter@64cde9a5, org.springframework.security.web.header.HeaderWriterFilter@5111de33, org.springframework.web.filter.CorsFilter@4fa78886, org.springframework.security.web.authentication.logout.LogoutFilter@2f67401, med.voll.api.infra.security.SecurityFilter@14ea3ecf, org.springframework.security.web.savedrequest.RequestCacheAwareFilter@327dcf8c, org.springframework.security.web.servletapi.SecurityContextHolderAwareRequestFilter@69c7b870, org.springframework.security.web.authentication.AnonymousAuthenticationFilter@2a4d34b2, org.springframework.security.web.session.SessionManagementFilter@13553b2e, org.springframework.security.web.access.ExceptionTranslationFilter@18e69455, org.springframework.security.web.access.intercept.AuthorizationFilter@4d5bfb1a]
2024-04-20T21:17:24.002-03:00  INFO 10436 --- [api] [           main] o.s.b.t.m.w.SpringBootMockServletContext : Initializing Spring TestDispatcherServlet ''
2024-04-20T21:17:24.002-03:00  INFO 10436 --- [api] [           main] o.s.t.web.servlet.TestDispatcherServlet  : Initializing Servlet ''
2024-04-20T21:17:24.003-03:00  INFO 10436 --- [api] [           main] o.s.t.web.servlet.TestDispatcherServlet  : Completed initialization in 1 ms
2024-04-20T21:17:24.028-03:00  INFO 10436 --- [api] [           main] m.v.a.controller.ConsultaControllerTest  : Started ConsultaControllerTest in 7.882 seconds (process running for 9.48)
2024-04-20T21:17:24.131-03:00  WARN 10436 --- [api] [           main] .w.s.m.s.DefaultHandlerExceptionResolver : Resolved [org.springframework.http.converter.HttpMessageNotReadableException: Required request body is missing: public org.springframework.http.ResponseEntity med.voll.api.controller.ConsultaController.agendar(med.voll.api.domain.consulta.DadosAgendamentoConsulta)]
]]></system-out>
    <system-err><![CDATA[WARNING: A Java agent has been loaded dynamically (C:\Users\gabri\.m2\repository\net\bytebuddy\byte-buddy-agent\1.14.13\byte-buddy-agent-1.14.13.jar)
WARNING: If a serviceability tool is in use, please run with -XX:+EnableDynamicAgentLoading to hide this warning
WARNING: If a serviceability tool is not in use, please run with -Djdk.instrument.traceUsage for more information
WARNING: Dynamic loading of agents will be disallowed by default in a future release
]]></system-err>
  </testcase>
  <testcase name="agendar_cenario2" classname="med.voll.api.controller.ConsultaControllerTest" time="0.122"/>
</testsuite>