<?xml version="1.0" encoding="UTF-8"?>
<testsuite xmlns:xsi="http://www.w3.org/2001/XMLSchema-instance" xsi:noNamespaceSchemaLocation="https://maven.apache.org/surefire/maven-surefire-plugin/xsd/surefire-test-report-3.0.xsd" version="3.0" name="med.voll.api.domain.medico.MedicoRepositoryTest" time="0.767" tests="2" errors="0" skipped="0" failures="0">
  <properties>
[...]
</properties>
  <testcase name="escolherMedicoAleatorioLivreNaDataCenario1" classname="med.voll.api.domain.medico.MedicoRepositoryTest" time="0.316">
    <system-out><![CDATA[2024-04-20T21:17:25.521-03:00  INFO 10436 --- [api] [           main] t.c.s.AnnotationConfigContextLoaderUtils : Could not detect default configuration classes for test class [med.voll.api.domain.medico.MedicoRepositoryTest]: MedicoRepositoryTest does not declare any static, non-private, non-final, nested classes annotated with @Configuration.
2024-04-20T21:17:25.542-03:00  INFO 10436 --- [api] [           main] .b.t.c.SpringBootTestContextBootstrapper : Found @SpringBootConfiguration med.voll.api.ApiApplication for test class med.voll.api.domain.medico.MedicoRepositoryTest
2024-04-20T21:17:25.546-03:00  INFO 10436 --- [api] [           main] o.s.b.d.r.RestartApplicationListener     : Restart disabled due to context in which it is running
  .   ____          _            __ _ _
 /\\ / ___'_ __ _ _(_)_ __  __ _ \ \ \ \
( ( )\___ | '_ | '_| | '_ \/ _` | \ \ \ \
 \\/  ___)| |_)| | | | | || (_| |  ) ) ) )
  '  |____| .__|_| |_|_| |_\__, | / / / /
 =========|_|==============|___/=/_/_/_/

 :: Spring Boot ::       (v3.3.0-SNAPSHOT)

2024-04-20T21:17:25.567-03:00  INFO 10436 --- [api] [           main] m.v.a.d.medico.MedicoRepositoryTest      : Starting MedicoRepositoryTest using Java 21.0.1 with PID 10436 (started by gabri in D:\ws-intelliJ\api)
2024-04-20T21:17:25.567-03:00  INFO 10436 --- [api] [           main] m.v.a.d.medico.MedicoRepositoryTest      : The following 1 profile is active: "test"
2024-04-20T21:17:25.643-03:00  INFO 10436 --- [api] [           main] .s.d.r.c.RepositoryConfigurationDelegate : Bootstrapping Spring Data JPA repositories in DEFAULT mode.
2024-04-20T21:17:25.657-03:00  INFO 10436 --- [api] [           main] .s.d.r.c.RepositoryConfigurationDelegate : Finished Spring Data repository scanning in 14 ms. Found 4 JPA repository interfaces.
2024-04-20T21:17:25.693-03:00  INFO 10436 --- [api] [           main] com.zaxxer.hikari.HikariDataSource       : HikariPool-3 - Starting...
2024-04-20T21:17:25.704-03:00  INFO 10436 --- [api] [           main] com.zaxxer.hikari.pool.HikariPool        : HikariPool-3 - Added connection com.mysql.cj.jdbc.ConnectionImpl@24406d54
2024-04-20T21:17:25.712-03:00  INFO 10436 --- [api] [           main] com.zaxxer.hikari.HikariDataSource       : HikariPool-3 - Start completed.
2024-04-20T21:17:25.750-03:00  INFO 10436 --- [api] [           main] org.flywaydb.core.FlywayExecutor         : Database: jdbc:mysql://localhost/vollmed_api_test (MySQL 8.0)
2024-04-20T21:17:25.799-03:00  INFO 10436 --- [api] [           main] o.f.core.internal.command.DbValidate     : Successfully validated 8 migrations (execution time 00:00.022s)
2024-04-20T21:17:25.806-03:00  INFO 10436 --- [api] [           main] o.f.core.internal.command.DbMigrate      : Current version of schema `vollmed_api_test`: 8
2024-04-20T21:17:25.807-03:00  INFO 10436 --- [api] [           main] o.f.core.internal.command.DbMigrate      : Schema `vollmed_api_test` is up to date. No migration necessary.
2024-04-20T21:17:25.819-03:00  INFO 10436 --- [api] [           main] o.hibernate.jpa.internal.util.LogHelper  : HHH000204: Processing PersistenceUnitInfo [name: default]
2024-04-20T21:17:25.821-03:00  INFO 10436 --- [api] [           main] o.h.c.internal.RegionFactoryInitiator    : HHH000026: Second-level cache disabled
2024-04-20T21:17:25.824-03:00  INFO 10436 --- [api] [           main] o.s.o.j.p.SpringPersistenceUnitInfo      : No LoadTimeWeaver setup: ignoring JPA class transformer
2024-04-20T21:17:25.889-03:00  INFO 10436 --- [api] [           main] o.h.e.t.j.p.i.JtaPlatformInitiator       : HHH000489: No JTA platform available (set 'hibernate.transaction.jta.platform' to enable JTA platform integration)
2024-04-20T21:17:25.890-03:00  INFO 10436 --- [api] [           main] j.LocalContainerEntityManagerFactoryBean : Initialized JPA EntityManagerFactory for persistence unit 'default'
2024-04-20T21:17:25.947-03:00  INFO 10436 --- [api] [           main] m.v.a.d.medico.MedicoRepositoryTest      : Started MedicoRepositoryTest in 0.402 seconds (process running for 11.398)
Hibernate: 
    insert 
    into
        medicos
        (ativo, crm, email, bairro, cep, cidade, complemento, logradouro, numero, uf, especialidade, nome, telefone) 
    values
        (?, ?, ?, ?, ?, ?, ?, ?, ?, ?, ?, ?, ?)
2024-04-20T21:17:26.080-03:00  WARN 10436 --- [api] [           main] o.h.engine.jdbc.spi.SqlExceptionHelper   : SQL Error: 0, SQLState: S0022
2024-04-20T21:17:26.080-03:00 ERROR 10436 --- [api] [           main] o.h.engine.jdbc.spi.SqlExceptionHelper   : Column 'id' not found.
Hibernate: 
    insert 
    into
        pacientes
        (ativo, cpf, email, bairro, cep, cidade, complemento, logradouro, numero, uf, nome, telefone) 
    values
        (?, ?, ?, ?, ?, ?, ?, ?, ?, ?, ?, ?)
2024-04-20T21:17:26.107-03:00  WARN 10436 --- [api] [           main] o.h.engine.jdbc.spi.SqlExceptionHelper   : SQL Error: 0, SQLState: S0022
2024-04-20T21:17:26.107-03:00 ERROR 10436 --- [api] [           main] o.h.engine.jdbc.spi.SqlExceptionHelper   : Column 'id' not found.
Hibernate: 
    insert 
    into
        consultas
        (data, medico_id, motivo_cancelamento, paciente_id) 
    values
        (?, ?, ?, ?)
2024-04-20T21:17:26.114-03:00  WARN 10436 --- [api] [           main] o.h.engine.jdbc.spi.SqlExceptionHelper   : SQL Error: 0, SQLState: S0022
2024-04-20T21:17:26.114-03:00 ERROR 10436 --- [api] [           main] o.h.engine.jdbc.spi.SqlExceptionHelper   : Column 'id' not found.
Hibernate: 
    select
        m1_0.id,
        m1_0.ativo,
        m1_0.crm,
        m1_0.email,
        m1_0.bairro,
        m1_0.cep,
        m1_0.cidade,
        m1_0.complemento,
        m1_0.logradouro,
        m1_0.numero,
        m1_0.uf,
        m1_0.especialidade,
        m1_0.nome,
        m1_0.telefone 
    from
        medicos m1_0 
    where
        m1_0.ativo=1 
        and m1_0.especialidade=? 
        and m1_0.id not in (select
            c1_0.medico_id 
        from
            consultas c1_0 
        where
            c1_0.data=? 
            and c1_0.motivo_cancelamento is null) 
    order by
        rand() 
    limit
        1
]]></system-out>
  </testcase>
  <testcase name="escolherMedicoAleatorioLivreNaDataCenario2" classname="med.voll.api.domain.medico.MedicoRepositoryTest" time="0.017">
    <system-out><![CDATA[Hibernate: 
    insert 
    into
        medicos
        (ativo, crm, email, bairro, cep, cidade, complemento, logradouro, numero, uf, especialidade, nome, telefone) 
    values
        (?, ?, ?, ?, ?, ?, ?, ?, ?, ?, ?, ?, ?)
2024-04-20T21:17:26.272-03:00  WARN 10436 --- [api] [           main] o.h.engine.jdbc.spi.SqlExceptionHelper   : SQL Error: 0, SQLState: S0022
2024-04-20T21:17:26.273-03:00 ERROR 10436 --- [api] [           main] o.h.engine.jdbc.spi.SqlExceptionHelper   : Column 'id' not found.
Hibernate: 
    select
        m1_0.id,
        m1_0.ativo,
        m1_0.crm,
        m1_0.email,
        m1_0.bairro,
        m1_0.cep,
        m1_0.cidade,
        m1_0.complemento,
        m1_0.logradouro,
        m1_0.numero,
        m1_0.uf,
        m1_0.especialidade,
        m1_0.nome,
        m1_0.telefone 
    from
        medicos m1_0 
    where
        m1_0.ativo=1 
        and m1_0.especialidade=? 
        and m1_0.id not in (select
            c1_0.medico_id 
        from
            consultas c1_0 
        where
            c1_0.data=? 
            and c1_0.motivo_cancelamento is null) 
    order by
        rand() 
    limit
        1
]]></system-out>
  </testcase>
</testsuite>